[17:00:54.375][info] [#0:/home/miko/.local/share/nvim/lsp_servers/sumneko_lua/extension/server/main.lua:65]: Lua Lsp startup, root: 	/home/miko/.local/share/nvim/lsp_servers/sumneko_lua/extension/server
[17:00:54.375][info] [#0:/home/miko/.local/share/nvim/lsp_servers/sumneko_lua/extension/server/main.lua:66]: ROOT:	/home/miko/.local/share/nvim/lsp_servers/sumneko_lua/extension/server
[17:00:54.375][info] [#0:/home/miko/.local/share/nvim/lsp_servers/sumneko_lua/extension/server/main.lua:67]: LOGPATH:	/home/miko/.local/share/nvim/lsp_servers/sumneko_lua/extension/server/log
[17:00:54.375][info] [#0:/home/miko/.local/share/nvim/lsp_servers/sumneko_lua/extension/server/main.lua:68]: METAPATH:	/home/miko/.local/share/nvim/lsp_servers/sumneko_lua/extension/server/meta
[17:00:54.376][info] [#0:/home/miko/.local/share/nvim/lsp_servers/sumneko_lua/extension/server/main.lua:69]: VERSION:	3.2.3
[17:00:54.577][info] [#0:script/service/service.lua:141]: 
========= Medical Examination Report =========
    --------------- Memory ---------------
        Total: 1.434 MB
        # 00 : 1.434 MB
        # 01 : 0.000 MB
        # 02 : 0.000 MB
        # 03 : 0.000 MB
        # 04 : 0.000 MB
    --------------- Coroutine ---------------
        Total:     0
        Running:   0
        Suspended: 0
        Normal:    0
        Dead:      0
    --------------- Cache ---------------
        Total: 1
        Dead:  0
    ---------------  RPC  ---------------
        Holdon:   0
        Waiting:  0
==============================================
[17:00:54.902][info] [#0:script/language.lua:137]: VSC language: nil
[17:00:54.902][info] [#0:script/language.lua:138]: LS  language: en-us
[17:00:54.902][info] [#0:script/workspace/workspace.lua:38]: Workspace init root: 	file:///home/miko/Downloads/LunarVim
[17:00:54.904][info] [#0:script/workspace/workspace.lua:42]: Log path: 	/home/miko/.local/share/nvim/lsp_servers/sumneko_lua/extension/server/log/file_home_miko_Downloads_LunarVim.log
[17:00:54.906][info] [#0:script/workspace/workspace.lua:48]: Workspace create: 	file:///home/miko/Downloads/LunarVim
[17:00:55.146][info] [#0:script/provider/provider.lua:40]: Load config from client	file:///home/miko/Downloads/LunarVim
[17:00:55.151][info] [#0:script/provider/provider.lua:40]: Load config from client	file:///home/miko/Downloads/LunarVim
[17:00:55.159][info] [#0:script/provider/provider.lua:55]: Load config from client	fallback
[17:00:55.163][info] [#0:script/library.lua:207]: Init builtin library at:	nil
[17:00:55.257][info] [#0:script/library.lua:207]: Init builtin library at:	file:///home/miko/Downloads/LunarVim
[17:00:55.326][info] [#0:script/plugin.lua:80]: plugin path:	nil
[17:00:55.326][info] [#0:script/plugin.lua:80]: plugin path:	nil
[17:00:55.327][info] [#0:script/provider/provider.lua:55]: Load config from client	fallback
[17:00:55.352][info] [#0:script/workspace/workspace.lua:279]: Preload start:	file:///home/miko/Downloads/LunarVim
[17:00:55.367][info] [#0:script/workspace/workspace.lua:285]: Scan files at:	file:///home/miko/Downloads/LunarVim
[17:00:55.369][info] [#0:script/workspace/workspace.lua:279]: Preload start:	<fallback>
[17:00:55.372][info] [#0:script/workspace/workspace.lua:295]: Scan library at:	file:///home/miko/.local/share/nvim/lsp_servers/sumneko_lua/extension/server/meta/LuaJIT%20en-us%20utf8
[17:00:55.385][info] [#0:script/workspace/workspace.lua:295]: Scan library at:	file:///usr/local/share/nvim/runtime/lua
[17:00:55.408][info] [#0:script/workspace/workspace.lua:295]: Scan library at:	file:///home/miko/.local/share/lunarvim/site/pack/packer/opt/lua-dev.nvim/types
[17:00:55.425][info] [#0:script/workspace/workspace.lua:295]: Scan library at:	file:///home/miko/.local/share/lunarvim/lvim/lua
[17:00:55.470][info] [#0:script/workspace/workspace.lua:295]: Scan library at:	file:///home/miko/.local/share/lunarvim/site/pack/packer/start/plenary.nvim/lua
[17:00:55.487][info] [#0:script/workspace/workspace.lua:295]: Scan library at:	file:///home/miko/.local/share/nvim/lsp_servers/sumneko_lua/extension/server/meta/LuaJIT%20en-us%20utf8
[17:00:55.501][info] [#0:script/workspace/workspace.lua:295]: Scan library at:	file:///usr/local/share/nvim/runtime/lua
[17:00:55.530][info] [#0:script/workspace/workspace.lua:295]: Scan library at:	file:///home/miko/.local/share/lunarvim/site/pack/packer/opt/lua-dev.nvim/types
[17:00:55.543][info] [#0:script/workspace/workspace.lua:295]: Scan library at:	file:///home/miko/.local/share/lunarvim/lvim/lua
[17:00:55.565][info] [#0:script/workspace/workspace.lua:295]: Scan library at:	file:///home/miko/.local/share/lunarvim/site/pack/packer/start/plenary.nvim/lua
[17:00:55.600][info] [#0:script/workspace/workspace.lua:309]: Found 204 files at:	<fallback>
[17:00:55.600][info] [#0:script/workspace/loading.lua:152]: Load files from disk:	<fallback>
[17:00:55.600][info] [#0:script/workspace/workspace.lua:309]: Found 284 files at:	file:///home/miko/Downloads/LunarVim
[17:00:55.600][info] [#0:script/workspace/loading.lua:152]: Load files from disk:	file:///home/miko/Downloads/LunarVim
[17:00:58.010][warn] [#0:script/files.lua:496]: Compile [file:///home/miko/.local/share/lunarvim/site/pack/packer/opt/lua-dev.nvim/types/options.2.lua] takes [0.103] sec, size [51.333] kb.
[17:00:58.730][warn] [#0:script/files.lua:496]: Compile [file:///home/miko/.local/share/lunarvim/site/pack/packer/opt/lua-dev.nvim/types/vim.fn.lua] takes [0.147] sec, size [54.064] kb.
[17:00:59.937][warn] [#0:script/files.lua:496]: Compile [file:///usr/local/share/nvim/runtime/lua/vim/lsp/rpc.lua] takes [0.200] sec, size [21.086] kb.
[17:01:00.405][info] [#0:script/workspace/loading.lua:164]: Loaded files takes [4.861] sec: <fallback>
[17:01:00.405][info] [#0:script/workspace/loading.lua:173]: Compile files takes [0.000] sec: <fallback>
[17:01:00.405][info] [#0:script/workspace/loading.lua:174]: Loaded finish:	<fallback>
[17:01:00.405][info] [#0:script/workspace/workspace.lua:311]: Preload finish at:	<fallback>
[17:01:01.705][info] [#0:script/workspace/loading.lua:164]: Loaded files takes [6.175] sec: file:///home/miko/Downloads/LunarVim
[17:01:01.706][info] [#0:script/workspace/loading.lua:173]: Compile files takes [0.001] sec: file:///home/miko/Downloads/LunarVim
[17:01:01.706][info] [#0:script/workspace/loading.lua:174]: Loaded finish:	file:///home/miko/Downloads/LunarVim
[17:01:01.706][info] [#0:script/workspace/workspace.lua:311]: Preload finish at:	file:///home/miko/Downloads/LunarVim
[17:01:01.708][info] [#0:script/provider/diagnostic.lua:387]: Diagnostics scope [file:///home/miko/Downloads/LunarVim], files count:[284]
[17:01:01.709][info] [#0:script/provider/diagnostic.lua:387]: Diagnostics scope [<fallback>], files count:[284]
[17:01:02.406][info] [#0:script/provider/diagnostic.lua:404]: Diagnostics scope [file:///home/miko/Downloads/LunarVim] finished, takes [0.698] sec.
[17:01:02.406][info] [#0:script/provider/diagnostic.lua:404]: Diagnostics scope [<fallback>] finished, takes [0.696] sec.
[17:01:17.129][info] [#0:script/provider/provider.lua:167]: Server shutdown.
[17:01:17.231][info] [#0:script/provider/provider.lua:160]: Server exited.
